Performing C SOURCE FILE Test CMAKE_HAVE_LIBC_PTHREAD failed with the following output:
Change Dir: /home/DZ1/build/CMakeFiles/CMakeTmp

Run Build Command(s):/usr/bin/gmake cmTC_ed47d/fast && /usr/bin/gmake  -f CMakeFiles/cmTC_ed47d.dir/build.make CMakeFiles/cmTC_ed47d.dir/build
gmake[1]: Entering directory '/home/DZ1/build/CMakeFiles/CMakeTmp'
Building C object CMakeFiles/cmTC_ed47d.dir/src.c.o
/usr/bin/cc   -DCMAKE_HAVE_LIBC_PTHREAD -o CMakeFiles/cmTC_ed47d.dir/src.c.o -c /home/DZ1/build/CMakeFiles/CMakeTmp/src.c
Linking C executable cmTC_ed47d
/usr/bin/cmake -E cmake_link_script CMakeFiles/cmTC_ed47d.dir/link.txt --verbose=1
/usr/bin/cc  -DCMAKE_HAVE_LIBC_PTHREAD -rdynamic CMakeFiles/cmTC_ed47d.dir/src.c.o -o cmTC_ed47d 
/usr/bin/ld: CMakeFiles/cmTC_ed47d.dir/src.c.o: in function `main':
src.c:(.text+0x2d): undefined reference to `pthread_create'
/usr/bin/ld: src.c:(.text+0x39): undefined reference to `pthread_detach'
/usr/bin/ld: src.c:(.text+0x45): undefined reference to `pthread_cancel'
/usr/bin/ld: src.c:(.text+0x56): undefined reference to `pthread_join'
collect2: error: ld returned 1 exit status
gmake[1]: *** [CMakeFiles/cmTC_ed47d.dir/build.make:106: cmTC_ed47d] Error 1
gmake[1]: Leaving directory '/home/DZ1/build/CMakeFiles/CMakeTmp'
gmake: *** [Makefile:140: cmTC_ed47d/fast] Error 2


Source file was:
#include <pthread.h>

void* test_func(void* data)
{
  return data;
}

int main(void)
{
  pthread_t thread;
  pthread_create(&thread, NULL, test_func, NULL);
  pthread_detach(thread);
  pthread_cancel(thread);
  pthread_join(thread, NULL);
  pthread_atfork(NULL, NULL, NULL);
  pthread_exit(NULL);

  return 0;
}

Determining if the function pthread_create exists in the pthreads failed with the following output:
Change Dir: /home/DZ1/build/CMakeFiles/CMakeTmp

Run Build Command(s):/usr/bin/gmake cmTC_67f36/fast && /usr/bin/gmake  -f CMakeFiles/cmTC_67f36.dir/build.make CMakeFiles/cmTC_67f36.dir/build
gmake[1]: Entering directory '/home/DZ1/build/CMakeFiles/CMakeTmp'
Building C object CMakeFiles/cmTC_67f36.dir/CheckFunctionExists.c.o
/usr/bin/cc   -DCHECK_FUNCTION_EXISTS=pthread_create -o CMakeFiles/cmTC_67f36.dir/CheckFunctionExists.c.o -c /usr/share/cmake-3.18/Modules/CheckFunctionExists.c
Linking C executable cmTC_67f36
/usr/bin/cmake -E cmake_link_script CMakeFiles/cmTC_67f36.dir/link.txt --verbose=1
/usr/bin/cc  -DCHECK_FUNCTION_EXISTS=pthread_create -rdynamic CMakeFiles/cmTC_67f36.dir/CheckFunctionExists.c.o -o cmTC_67f36  -lpthreads 
/usr/bin/ld: cannot find -lpthreads
collect2: error: ld returned 1 exit status
gmake[1]: *** [CMakeFiles/cmTC_67f36.dir/build.make:106: cmTC_67f36] Error 1
gmake[1]: Leaving directory '/home/DZ1/build/CMakeFiles/CMakeTmp'
gmake: *** [Makefile:140: cmTC_67f36/fast] Error 2



